<?xml version="1.0" encoding="UTF-8"?>
<!-- Generated by org.testng.reporters.JUnitReportReporter -->
<testsuite hostname="DESKTOP-R8UEPSR" failures="0" tests="1" name="sample.sampletestextend" time="15.651" errors="0" timestamp="2022-07-18T19:35:34 GMT-07:00" skipped="0">
  <testcase classname="sample.sampletestextend" name="f" time="15.651"/>
  <system-out>
    <![CDATA[Hello]]>
  </system-out>
</testsuite> <!-- sample.sampletestextend -->
